This is pdfTeX, Version 3.14159265-2.6-1.40.19 (MiKTeX 2.9.6630 64-bit) (preloaded format=pdflatex 2018.3.22)  4 SEP 2018 10:00
entering extended mode
**"C:/Users/diego/AppData/Local/Programs/MiKTeX 2.9/tex/latex/caratula/caratula
.tex"

("C:/Users/diego/AppData/Local/Programs/MiKTeX 2.9/tex/latex/caratula/caratula.
tex"
LaTeX2e <2017-04-15>
Babel <3.18> and hyphenation patterns for 75 language(s) loaded.

LaTeX Warning: You have requested package `',
               but the package provides `caratula'.

Package: caratula 2003/4/13 v0.1 Para componer caratulas de TPs del DC
Cargando package 'caratula' v0.2 (21/4/2003)
\intlist=\toks14
)
! Emergency stop.
<*> ...MiKTeX 2.9/tex/latex/caratula/caratula.tex"
                                                  
*** (job aborted, no legal \end found)

 
Here is how much of TeX's memory you used:
 32 strings out of 493305
 682 string characters out of 3129802
 53825 words of memory out of 3000000
 3681 multiletter control sequences out of 15000+200000
 3640 words of font info for 14 fonts, out of 3000000 for 9000
 1141 hyphenation exceptions out of 8191
 7i,0n,10p,182b,10s stack positions out of 5000i,500n,10000p,200000b,50000s
!  ==> Fatal error occurred, no output PDF file produced!
